<?xml version="1.0" encoding="UTF-8"?>
<!-- Generated by org.testng.reporters.JUnitReportReporter -->
<testsuite skipped="0" hostname="DESKTOP-3KMQB6L" name="com.inetBankingV1.testcases.TC_Login_001" tests="2" failures="0" timestamp="24 Dec 2019 10:13:41 GMT" time="6.005" errors="0">
  <testcase name="data" time="0.006" classname="com.inetBankingV1.testcases.TC_Login_001"/>
  <testcase name="loginTest" time="5.999" classname="com.inetBankingV1.testcases.TC_Login_001"/>
</testsuite> <!-- com.inetBankingV1.testcases.TC_Login_001 -->
