<?xml version="1.0" encoding="UTF-8"?>
<!-- Generated by org.testng.reporters.JUnitReportReporter -->
<testsuite skipped="0" hostname="DESKTOP-3KMQB6L" name="com.inetbanking.resources.Base" tests="1" failures="0" timestamp="24 Dec 2019 07:22:00 GMT" time="0.010" errors="0">
  <testcase name="data" time="0.010" classname="com.inetbanking.resources.Base"/>
</testsuite> <!-- com.inetbanking.resources.Base -->
