<?xml version="1.0" encoding="UTF-8"?>
<!-- Generated by org.testng.reporters.JUnitReportReporter -->
<testsuite skipped="0" hostname="DESKTOP-3KMQB6L" name="com.inetbanking.resources.Base" tests="1" failures="0" timestamp="25 Dec 2019 07:16:45 GMT" time="0.016" errors="0">
  <testcase name="data" time="0.016" classname="com.inetbanking.resources.Base"/>
</testsuite> <!-- com.inetbanking.resources.Base -->
