<?xml version="1.0" encoding="UTF-8"?>
<!-- Generated by org.testng.reporters.JUnitReportReporter -->
<testsuite skipped="0" hostname="DESKTOP-3KMQB6L" name="com.inetBankingV1.testcases.TC_Login_001" tests="2" failures="0" timestamp="25 Dec 2019 07:16:45 GMT" time="9.131" errors="0">
  <testcase name="data" time="0.000" classname="com.inetBankingV1.testcases.TC_Login_001"/>
  <testcase name="loginTest" time="9.131" classname="com.inetBankingV1.testcases.TC_Login_001"/>
</testsuite> <!-- com.inetBankingV1.testcases.TC_Login_001 -->
